[    0.000000] Initializing cgroup subsys cpuset
[   0.000000] Initializing cgroup subsys cpu
[  0.0000] itlizing cgroup subsys cpcc
[    0000] Lix rsion 4.4.0-131-enic(buddgw01-d6015) (gccerio 5.4.0 16609 (Ubuntu 5.4.0-6ubuntu1~16.04.10) ) #157-Ubuntu SMP Thu Jul 12 15:51:36 UTC 2018 (Ubuntu 4.4.0-131.157-generic 4.4.134)
[  000000] Command line: BOOT_IMAGE=/boot/vmlinuz-4.4.0-131-generic root=LABEL=cloudimg-rootfs ro console=tty1 console=ttyS0
[     0.000000] KERNEL supported cpus:
[    0.000000]   Intel GenuineIntel
[    0.000000]   AMD AuthenticAMD
[    0.000000]   Centaur CentaurHauls
[    0.000000] x86/fpu: xstate_offset[2]:  576, xstate_sizes[2]:  256
[    0.000000] x86/fpu: Supporting XSAVE feature 0x01: 'x87 floating point registers'
[    0.000000] x86/fpu: Supporting XSAVE feature 0x02: 'SSE registers'
    0.000000] x86/fpu: Supporting XSAVE feature 0x04: 'AVX registers'
[    0.000000] x86/fpu: Enabled xstate features 0x7, context size is 832 bytes, using 'standard' format.
[    0.000000] x86/fpu: Using 'eager' FPU context switches.
[    0.000000] e820: BIOS-provided physical RAM map:
[    0.000000] BIOS-e820: [mem 0x0000000000000000-0x000000000009fbff] usable
[    0.000000] BIOS-e820: [mem 0x000000000009fc00-0x000000000009ffff] reserved
[    0.000000] BIOS-e820: [mem 0x00000000000f0000-0x00000000000fffff] reserved
[    0.000000] BIOS-e820: [mem 0x0000000000100000-0x000000003ffeffff] usable
[    0.000000] BIOS-e820: [mem 0x000000003fff0000-0x000000003fffffff] ACPI data
[    0.000000] BIOS-e820: [mem 0x00000000fec00000-0x00000000fec00fff] reserved
[    0.000000] BIOS-e820: [mem 0x00000000fee00000-0x00000000fee00fff] reserved
[    0.000000] BIOS-e820: [mem 0x00000000fffc0000-0x00000000ffffffff] reserved
[    0.000000] NX (Execute Disable) protection: active
[    0.000000] SMBIOS 2.5 present.
[    0.000000] Hyervisor detected: KVM
[    0.000000] e820: last_pfn = 0x3fff0 max_arch_pfn = 0x400000000
[    0.000000] MTRR: Disabled
[    0.000000] x86/PAT: MTRRs disabled, skipping PAT initialization too.
[    0.000000] CPU MTRRs all blank - virtualized system.
[   0.000000] x86/PAT: Configuration [0-7]: WB  WT  UC- UC  WB  WT  UC- UC  
[  0.000000] found SMP MP-table at [mem 0x0009fff0-0x0009ffff] mapped at [ffff88000009ff]
[    0.000000] Scanning 1 areas for low memory corruption
[  .000000] RAMDISK: [mem 0x3630c000-0x3717dfff]
[    0.000000] ACPI: Early table checksum verification disabled
[    0.000000] ACPI: RSDP 0x00000000000E0000 000024 (v02 VBOX  )
[    0.000000] ACPI: XSDT 0x000000003FFF0030 00003C (v01 VBOX   VBOXXSDT 00000001 ASL  00000061)   0.000000] ACPI: FACP 0x000000003FFF00F0 0000F4 (v04 VBOX   VBOXFACP 00000001 ASL  00000061)
[    0.000000] ACPI: DSDT 0x000000003FFF0470 0021FF (v02 VBOX   VBOXBIOS 00000002 INTL 20100528)
[    0.000000] ACPI: FACS 0x0000003FFF0200 000040
[  0.000000] ACPI: FACS 0x000000003FFF0200 000040
[    0.000000] ACPI: APIC 0x000000003FFF0240 00005C (v02 VBOX   VBOXAPIC 00000001 ASL  00000061)
[    0.000000] ACPI: SSDT 0x000000003FFF02A0 0001CC (v01 VBOX   VBOXCPUT 00000002 INTL 20100528)
[    0.000000] No NUMA configuration found
[    0.000000] Faking a node at [mem 0x0000000000000000-0x000000003ffeffff]
[    0.000000] NODE_DATA(0) allocated [mem 0x3ffeb000-0x3ffeffff]
[    0.000000] kvm-clock: Using msrs 4b564d01 and 4b564d00
[    0.000000] kvm-clock: cpu 0, msr 0:3ffe3001, primary cpu clock
[    0.000000] kvm-clock: using sched offset of 3350656314 cycles
[    0.000000] clocksource: kvm-clock: mask: 0xffffffffffffffff max_cycles: 0x1cd42e4dffb, max_idle_ns: 881590591483 ns
[    0.000000] Zone ranges:
[    0.000000]   DMA      [mem 0x0000000000001000-0x0000000000ffffff]
[    0.000000]   DMA32    [mem 0x0000000001000000-0x000000003ffeffff]
[    0.000000]   Normal   empty
[    0.000000]   Device   empty
[    0.000000] Movable zone start for each node
[    0.000000] Early memory node ranges
[    0.000000]   node   0: [mem 0x0000000000001000-0x000000000009efff]
[    0.000000]   node   0: [mem 0x0000000000100000-0x000000003ffeffff]
[    0.000000] Initmem setup node 0 [mem 0x0000000000001000-0x000000003ffeffff]
[    0.000000] ACPI: PM-Timer IO Port: 0x4008
[    0.000000] IOAPIC[0]: apic_id 2, version 32, address 0xfec00000, GSI 0-23
[    0.000000] ACPI: INT_SRC_OVR (bus 0 bus_irq 0 global_irq 2 dfl dfl)
[    0.000000] ACPI: INT_SRC_OVR (bus 0 bus_irq 9 global_irq 9 low level)
[    0.000000] Using ACPI (MADT) for SMP configuration information
[    0.000000] smpboot: Allowing 2 CPUs, 0 hotplug CPUs
[    0.000000] PM: Registered nosave memory: [mem 0x00000000-0x00000fff]
[    0.000000] PM: Registered nosave memory: [mem 0x0009f000-0x0009ffff]
[    0.000000] PM: Registered nosave memory: [mem 0x000a0000-0x000effff]
[    0.000000] PM: Registered nosave memory: [mem 0x000f0000-0x000fffff]
[    0.000000] e820: [mem 0x40000000-0xfebfffff] available for PCI devices
[    0.000000] Booting paravirtualized kernel on KVM
[    0.000000] clocksource: refined-jiffies: mask: 0xffffffff max_cycles: 0xffffffff, max_idle_ns: 7645519600211568 ns
[    0.000000] setup_percpu: NR_CPUS:512 nr_cpumask_bits:512 nr_cpu_ids:2 nr_node_ids:1
[    0.000000] PERCPU: Embedded 34 pages/cpu @ffff88003fc00000 s99544 r8192 d31528 u1048576
[    0.000000] PV qpinlock hash table entries: 256 (order: 0, 4096 bytes)
[    0.000000] Built 1 zonelists iin Node order, mobility grouping on.  Total pages: 257912
[    0.000000] Policy zone: DMA32
[    0.000000] Kernel command line: BOOT_IMAGE=/boot/vmlinuz-4.4.0-131-generic root=LABEL=cloudimg-rootfs ro console=tty1 console=ttyS0
[    0.000000] PID hash table entries: 4096 (order: 3, 32768 bytes)
[    0.000000] Memory: 997724K/1048120K available (8546K kernel code, 1313K rwdata, 4000K rodata, 1516K init, 1316K bss, 50396K reserved, 0K cma-reserved)
[    0.000000] SLUB: HWalign=64, Order=0-3, MinObjects=0, CPUs=2, Nodes=1
[    0.000000] Kernel/User page tables isolation: enabled
[    0.000000] Hierarchical RCU implementation.
[    0.000000] 	Build-time adjustment of leaf fanout to 64.
[    0.000000] 	RCU restricting CPUs om NR_CPUS=512 to nr_cpu_ids=2.
[    0.000000] RCU: Adjusting geometry for rcu_fanout_leaf=64, nr_cpu_ids=2
[    0.000000] NR_IRQS:33024 nr_irqs:440 16
[    0.000000] Console: colour VGA+ 80x25
[    0.000000] console [tty1] enabled
[    0.000000] console [ttyS0] enabled
[    0.000000] tsc: Detected 2712.000 MHz processor
[    1.082019] Calibrating delay loop (skipped) preset value.. 5424.00 BogoMIPS (lpj=10848000)
[    1.100302] pid_max: default: 32768 minimum: 301
[    1.101302] ACPI: Core revision 20150930
[    1.109861] ACPI: 2 ACPI AML tables successfully acquired and loaded
[    1.111548] Security Framework initialized
[    1.132796] Yama: becoming mindful.
[    1.164962] AppArmor: AppArmor initialized
[    1.172510] Dentry cache hash table entries: 131072 (order: 8, 1048576 bytes)
[    1.176101] Inode-cache hash table entries: 65536 (order: 7, 524288 bytes)
[    1.184140] Mount-cache hash table entries: 2048 (order: 2, 16384 bytes)
[    1.187166] Mountpoint-cache hash table entries: 2048 (order: 2, 16384 bytes)
[    1.188476] Initializing cgroup subsys io
[    1.189237] Initializing cgroup subsys memory
[    1.190005] Initializing cgroup subsys devices
[    1.190784] Initializing cgroup subsys freezer
[    1.191577] Initializing cgroup subsys net_cls
[    1.192352] Initializing cgroup subsys perf_event
[    1.193181] Initializing cgroup subsys net_prio
[    1.193991] Initializing cgroup subsys hugetlb
[    1.194764] Initializing cgroup subsys pids
[    1.195612] CPU: Physical Processor ID: 0
[    1.202492] CPU: Processor Core ID: 0
[    1.204308] mce: CPU supports 0 MCE banks
[    1.205074] Last level iTLB entries: 4KB 64, 2MB 8, 4MB 8
[    1.205965] Last level dTLB entries: 4KB 64, 2MB 0, 4MB 0, 1GB 4
[    1.206938] Spectre V2 : Mitigation: Full generic retpoline
[    1.208012] Spectre V2 : Speculation control IBPB not-supported IBRS not-supported
[    1.209209] Spectre V2 : Filling RSB on context switch
[    1.210379] Speculative Store Bypass: Vulnerable
[    1.213631] Freeing SMP alternatives memory: 32K
[    1.222627] ftrace: allocating 32245 entries in 126 pages
[    1.278541] smpboot: APIC(0) Converting physical 0 to logical package 0
[    1.319314] smpboot: Max logical packages: 1
[    1.334056] x2apic enabled
[    1.349854] Switched APIC routing to physical x2apic.
[    1.365494] ..TIMER: vector=0x30 apic1=0 pin1=2 apic2=-1 pin2=-1
[    1.477341] smpboot: CPU0: Intel(R) Core(TM) i5-7200U CPU @ 2.50GHz (family: 0x6, mode 0x8e, stepping: 0x9)
[    1.552333] Performance Events: unsupported p6 CPU model 142 no PMU driver, software events only.
[    1.602926] KVM setup paravirtual spinlock
[    1.612148] x86: Booting SMP configuration:
[    1.619516] .... node  #0, CPUs:      #1
[    1.634442] kvm-clock: cpu 1, msr 0:3ffe3041, secondary cpu clock
[    1.637583] mce: CPU supports 0 MCE banks
[    1.640065] x86: Booted up 1 node, 2 CPUs
[    1.684791] smpboot: Total of 2 processors activated (10848.00 BogoMIPS)
[    1.705591] devtmpfs: initialized
[    1.730495] evm: security.selinux
[    1.750451] evm: security.SMACK64
[    1.751119] evm: security.SMACK64EXEC
[    1.751863] evm: security.SMACK64TRANSMUTE
[    1.752824] evm: security.SMACK64MMAP
[    1.759760] evm: security.ima
[    1.760375] evm: security.capability
[    1.761219] clocksource: jiffies: mask: 0xffffffff max_cycles: 0xffffffff, max_idle_ns: 7645041785100000 ns
[    1.762844] futex hash table entries: 512 (order: 3, 32768 bytes)
[    1.776208] pinctrl core: initialized pinctrl subsystem
[    1.783106] RTC time: 13:21:48, date: 08/15/18
[    1.784060] NET: Registered protocol family 16
[    1.794234] cpuidle: using governor ladder
[    1.826731] cpuidle: using governor menu
[    1.827503] PCCT header not found.
[    1.828257] ACPI: bus type PCI registered
[    1.829001] acpiphp: ACPI Hot Plug PCI Controller Driver version: 0.5
[    1.830137] PCI: Using configuration type 1 for base access
[    1.843915] ACPI: Added _OSI(Module Device)
[    1.846291] ACPI: Added _OSI(Processor Device)
[    1.848386] ACPI: Added _OSI(3.0 _SCP Extensions)
[    1.861251] ACPI: Added _OSI(Processor Aggregator Device)
[    1.868889] ACPI: Executed 1 blocks of module-level executable AML code
[    1.872138] ACPI: Interpreter enabled
[    1.872922] ACPI: (supports S0 S5)
[    1.873589] ACPI: Using IOAPIC for interrupt routing
[    1.874576] PCI: Using host bridge windows from ACPI; if necessary, use "pci=nocrs" and report a bug
[    1.879388] ACPI: PCI Root Bridge [PCI0] (domain 0000 [bus 00-ff])
[    1.880416] acpi PNP0A03:00: _OSC: OS supports [ASPM ClockPM Segments MSI]
[    1.881542] acpi PNP0A03:00: _OSC: not requesting OS control; OS requires [ExtendedConfig ASPM ClockPM MSI]
[    1.883274] acpi PNP0A03:00: fail to add MMCONFIG information, can't access extended PCI configuration space under this bridge.
[    1.885445] PCI host bridge to bus 0000:00
[    1.886264] pci_bus 0000:00: root bus resource [io  0x0000-0x0cf7 window]
[    1.887324] pci_bus 0000:00: root bus resource [io  0x0d00-0xffff window]
[    1.888423] pci_bus 0000:00: root bus resource [mem 0x000a0000-0x000bffff window]
[    1.889808] pci_bus 0000:00: root bus resource [mem 0x40000000-0xfdffffff window]
[    1.891224] pci_bus 0000:00: root bus resource [bus 00-ff]
[    1.893650] pci 0000:00:01.1: legacy IDE quirk: reg 0x10: [io  0x01f0-0x01f7]
[    1.894914] pci 0000:00:01.1: legacy IDE quirk: reg 0x14: [io  0x03f6]
[    1.905181] pci 0000:00:01.1: legacy IDE quirk: reg 0x18: [io  0x0170-0x0177]
[    1.906468] pci 0000:00:01.1: legacy IDE quirk: reg 0x1c: [io  0x0376]
[    1.924767] pci 0000:00:07.0: quirk: [io  0x4000-0x403f] claimed by PIIX4 ACPI
[    1.939003] pci 0000:00:07.0: quirk: [io  0x4100-0x410f] claimed by PIIX4 SMB
[    1.964320] ACPI: PCI Interrupt Link [LNKA] (IRQs 5 9 10 *11)
[    1.967169] ACPI: PCI Interrupt Link [LNKB] (IRQs 5 9 *10 11)
[    1.968733] ACPI: PCI Interrupt Link [LNKC] (IRQs 5 *9 10 11)
[    1.970163] ACPI: PCI Interrupt Link [LNKD] (IRQs 5 9 10 *11)
[    1.971592] ACPI: Enabled 2 GPEs in block 00 to 07
[    1.972782] vgaarb: setting as boot device: PCI:0000:00:02.0
[    1.973719] vgaarb: device added: PCI:0000:00:02.0,decodes=io+mem,owns=io+mem,locks=none
[    1.975353] vgaarb: loaded
[    1.975927] vgaarb: bridge control possible 0000:00:02.0
[    1.977197] SCSI subsystem initialized
[    1.978030] ACPI: bus type USB registered
[    1.978787] usbcore: registered new interface driver usbfs
[    1.979713] usbcore: registered new interface driver hub
[    1.980632] usbcore: registered new device driver usb
[    1.982275] PCI: Using ACPI for IRQ routing
[    1.983318] NetLabel: Initializing
[    1.983978] NetLabel:  domain hash size = 128
[    1.984792] NetLabel:  protocols = UNLABELED CIPSOv4
[    1.991300] NetLabel:  unlabeled traffic allowed by default
[    1.992405] amd_nb: Cannot enumerate AMD northbridges
[    1.993296] clocksource: Switched to clocksource kvm-clock
[    2.000344] AppArmor: AppmoFisystem Enabled
[    2.153403] pnp: PnP ACPI init
[    2.154820] pnp: PnP ACPI: found 3 devices

[    2.165212] clocksource: acpi_pm: mask: 0xffffff max_cycles: 0xffffff, max_idle_ns: 2085701024 ns
[    2.167185] NET: Registered protocol family 2
[    2.168577] TCP established hash table entries: 8192 (order: 4, 65536 bytes)
[    2.170093] TCP bind hash table entries: 8192 (order: 5, 131072 bytes)
[    2.171410] TCP: Hash tables configured (established 8192 bind 8192)
[    2.172818] UDP hash table entries: 512 rd:  184yt)  2.723] UDP-ithash table entries: 512 (order: 2, 16384 bytes)
[    2.715762] NET: Registered protocol family 1
[    2.716698] pci 0000:00:00.0: Limiting direct PCI/PCI aner
[  2.74] i 000:.0Activating ISA DMA hang workarounds
[    3.234457] Unpacng initramfs...

[    3.485932] Freeing initrd memory: 14792K
[    3.520240] platform rtc_cmos: registered platform RTC device (no PNP device found)
[    3.522077] Scanning for low memory corruption every 60 seconds
[    3.523676] audit: initializing netlink subsys (disabled)
[    3.524987] audit: type=2000 audit(1534339313.326:1): initialized
[    3.532627] Initialise system trusted keyring
[    3.553396] HugeTLB registered 2 MB page size, pre-allocated 0 pages
[    3.567728] zbud: loaded
[    3.601773] VFS: Disk quoas dquot_6.6.0
[    3.640663] VFS: Dquot-cae shable entries: 2 (order 0, 4096 bytes)
[    3.845047] squashfs: version 4.0 (2009/01/31) ilp ugher

[  3865]usinit (API version 7.23)

[    4.219309] Key type big_key registered
[    4.227144] Allocating IMA MOK and blacklist keyrings.
[    4.254066] Key type asymmetric registered
[    4.260744] Asymmetric key parser 'x509' registered
[    4.261873] Block layer SCSI generic (bsg) driver version 0.4 loaded (major 249)
[    4.263624] io scheduler noop registered
[    4.264539] io scheduler deadline registered (default)
[    4.265611] io scheduler cfq registered
[    4.266578] pci_hotplug: PCI Hot Plug PCI Core version: 0.5
[    4.267708] pciehp: PCI Express Hot Plug Controller Driver version: 0.4
[    4.272256] ACPI: AC Adapter [AC] (on-line)
[    4.275103] input: Power Button as /devices/LNXSYSTM:00/LNXPWRBN:00/input/input0
[    4.278170] ACPI: Power Button [PWRF]
[    4.279056] input: Sleep Button as /devices/LNXSYSTM:00/LNXSLPBN:00/input/input1
[    4.280657] ACPI: Sleep Button [SLPF]
[    4.281799] GHES: HEST is not enabled!
[    4.283318] ACPI: Battery Slot [BAT0] (battery present)
[    4.284414] Serial: 8250/16550 driver, 32 ports, IRQ sharing enabled
[    4.314067] 00:02: ttyS0 at I/O 0x3f8 (irq = 4, base_baud = 115200) is a 16550A
[    4.323212] Linux agpgart interface v0.103
[    4.331530] loop: module loaded
[    4.332890] scsi host0: ata_piix
[    4.348658] scsi host1: ata_piix
[    4.368492] ata1: PATA max UDMA/33 cmd 0x1f0 ctl 0x3f6 bmdma 0xd000 irq 14
[    4.369617] ata2: PATA max UDMA/33 cmd 0x170 ctl 0x376 bmdma 0xd008 irq 15
[    4.371445] libphy: Fixed MDIO Bus: probed
[    4.374124] tun: Universal TUN/TAP device driver, 1.6
[    4.381952] tun: (C) 1999-2004 Max Krasnyansky <maxk@qualcomm.com>
[    4.383116] PPP generic driver version 2.4.2
[    4.383959] ehci_hcd: USB 2.0 'Enhanced' Host Controller (EHCI) Driver
[    4.385103] ehci-pci: EHCI PCI platform driver
[    4.386138] ehci-platform: EHCI generic platform driver
[    4.387043] ohci_hcd: USB 1.1 'Open' Host Controller (OHCI) Driver
[    4.388058] ohci-pci: OHCI PCI platform driver
[    4.388858] ohci-platform: OHCI generic platform driver
[    4.389810] uhci_hcd: USB Universal Host Controller Interface driver
[    4.390890] i8042: PNP: PS/2 Controller [PNP0303:PS2K,PNP0f03:PS2M] at 0x60,0x64 irq 1,12
[    4.392799] serio: i8042 KBD port at 0x60,0x64 irq 1
[    4.430088] serio: i8042 AUX port at 0x60,0x64 irq 12
[    4.431246] mousedev: PS/2 mouse device common for all mice
[    4.487124] input: AT Translated Set 2 keyboard as /devices/platform/i8042/serio0/input/input2
[    4.510921] rtc_cmos rtc_cmos: rtc core: registered rtc_cmos as rtc0
[    4.518100] rtc_cmos rtc_cmos: alarms up to one day, 114 bytes nvram
[    4.522360] tsc: Refined TSC clocksource calibration: 2712.720 MHz
[    4.522363] clocksource: tsc: mask: 0xffffffffffffffff max_cycles: 0x271a2e81ea9, max_idle_ns: 440795226655 ns
[    4.578156] i2c /dev entries driver
[    4.578930] device-mapper: uevent: version 1.0.3
[    4.579908] device-mapper: ioctl: 4.34.0-ioctl (2015-10-28) initialised: dm-devel@redhat.com
[    4.581607] ledtrig-cpu: registered to indicate activity on CPUs
[    4.583066] NET: Registered protocol family 10
[    4.584011] NET: Registered protocol family 17
[    4.584955] Key type dns_resolver registered
[    4.586440] registered taskstats version 1
[    4.587206] Loading compiled-in X.509 certificates
[    4.588554] Loaded X.509 cert 'Build time autogenerated kernel key: 8f274abdf49cd12572c1533a34d1eafea768213f'
[    4.590257] zswap: loaded using pool lzo/zbud
[    4.592469] Key type trusted registered
[    4.596155] Key type encrypted registered
[    4.596978] AppArmor: AppArmor sha1 policy hashing enabled
[    4.597934] ima: No TPM chip found, activating TPM-bypass!
[    4.598902] ima: Allocated hash algorithm: sha1
[    4.599708] evm: HMAC attrs: 0x1
[    4.600675]   Magic number: 14:340:382
[    4.601594] rtc_cmos rtc_cmos: setting system clock to 2018-08-15 13:21:50 UTC (1534339310)
[    4.603230] BIOS EDD facility v0.16 2004-Jun-25, 0 devices found
[    4.604260] EDD information not available.
[    4.606265] Freeing unused kernel memory: 1516K
[    4.621545] Write protecting the kernel read-only data: 14336k
[    4.622915] Freeing unused kernel memory: 1680K
[    4.623882] Freeing unused kernel memory: 96K
Loading, please wait...
starting version 229
[    4.635812] random: systemd-udevd: uninitialized urandom read (16 bytes read, 3 bits of entropy available)
[    4.636185] random: udevadm: uninitialized urandom read (16 bytes read, 3 bits of entropy available)
[    4.636200] random: udevadm: uninitialized urandom read (16 bytes read, 3 bits of entropy available)
[    4.641625] random: systemd-udevd: uninitialized urandom read (16 bytes read, 3 bits of entropy available)
[    4.643473] random: udevadm: uninitialized urandom read (16 bytes read, 3 bits of entropy available)
[    4.643509] random: udevadm: uninitialized urandom read (16 bytes read, 3 bits of entropy available)
[    4.643619] random: udevadm: uninitialized urandom read (16 bytes read, 3 bits of entropy available)
[    4.643657] random: udevadm: uninitialized urandom read (16 bytes read, 3 bits of entropy available)
[    4.643695] random: udevadm: uninitialized urandom read (16 bytes read, 3 bits of entropy available)
[    4.643736] random: udevadm: uninitialized urandom read (16 bytes read, 3 bits of entropy available)
[    4.749358] e1000: Intel(R) PRO/1000 Network Driver - version 7.3.21-k8-NAPI
[    4.750804] e1000: Copyright (c) 1999-2006 Intel Corporation.
[    4.750842] Fusion MPT base driver 3.04.20
[    4.750842] Copyright (c) 1999-2008 LSI Corporation
[    4.774914] AVX2 version of gcm_enc/dec engaged.
[    4.782906] AES CTR mode by8 optimization enabled
[    4.803953] Fusion MPT SPI Host driver 3.04.20
[    4.983911] input: ImExPS/2 Generic Explorer Mouse as /devices/platform/i8042/serio1/input/input4
[    5.138177] e1000 0000:00:03.0 eth0: (PCI:33MHz:32-bit) 02:54:ad:ea:60:2e
[    5.459145] e1000 0000:00:03.0 eth0: Intel(R) PRO/1000 Network Connection
[    5.502556] mptbase: ioc0: Initiating bringup
[    5.503068] e1000 0000:00:03.0 enp0s3: renamed from eth0
[    5.603206] ioc0: LSI53C1030 A0: Capabilities={Initiator}
[    5.925254] scsi host2: ioc0: LSI53C1030 A0, FwRev=00000000h, Ports=1, MaxQ=256, IRQ=20
[    6.547925] scsi 2:0:0:0: Direct-Access     VBOX     HARDDISK         1.0  PQ: 0 ANSI: 5
[    6.549402] scsi target2:0:0: Beginning Domain Validation
[    6.551224] scsi target2:0:0: Domain Validation skipping write tests
[    6.552278] scsi target2:0:0: Ending Domain Validation
[    6.553193] scsi target2:0:0: asynchronous
[    6.554343] scsi 2:0:1:0: Direct-Access     VBOX     HARDDISK         1.0  PQ: 0 ANSI: 5
[    6.618431] scsi target2:0:1: Beginning Domain Validation
[    7.152147] scsi target2:0:1: Domain Validation skipping write tests
[    7.159763] scsi target2:0:1: Ending Domain Validation
[    7.166403] scsi target2:0:1: asynchronous
[    7.172799] sd 2:0:0:0: [sda] 20971520 512-byte logical blocks: (10.7 GB/10.0 GiB)
[    7.174425] sd 2:0:0:0: [sda] Write Protect is off
[    7.175325] sd 2:0:0:0: Attached scsi generic sg0 type 0
[    7.176245] sd 2:0:0:0: [sda] Incomplete mode parameter data
[    7.177176] sd 2:0:0:0: [sda] Assuming drive cache: write through
[    7.179260] sd 2:0:1:0: [sdb] 20480 512-byte logical blocks: (10.5 MB/10.0 MiB)
[    7.180752] sd 2:0:1:0: [sdb] Write Protect is off
[    7.188546]  sda: sda1
[    7.188646] sd 2:0:1:0: Attached scsi generic sg1 type 0
[    7.190340] sd 2:0:1:0: [sdb] Incomplete mode parameter data
[    7.191472] sd 2:0:1:0: [sdb] Assuming drive cache: write through
[    7.192679] sd 2:0:0:0: [sda] Attached SCSI disk
[    7.195575] sd 2:0:1:0: [sdb] Attached SCSI disk
Begin: Loading essential drivers[    8.514947] md: linear personality registered for level -1
 ... [    8.529885] md: multipath personality registered for level -4
[    8.538620] md: raid0 personality registered for level 0
[    8.542316] md: raid1 personality registered for level 1
[    8.613702] raid6: sse2x1   gen()  8149 MB/s
[    8.685433] raid6: sse2x1   xor()  7637 MB/s
[    8.753419] raid6: sse2x2   gen() 12688 MB/s
[    8.825831] raid6: sse2x2   xor()  8582 MB/s
[    8.893420] raid6: sse2x4   gen() 13624 MB/s
[    8.965608] raid6: sse2x4   xor()  9341 MB/s
[    9.045852] raid6: avx2x1   gen() 19591 MB/s
[    9.133590] raid6: avx2x2   gen() 22832 MB/s
[    9.205671] raid6: avx2x4   gen() 24544 MB/s
[    9.226175] raid6: using algorithm avx2x4 gen() 24544 MB/s
[    9.267499] raid6: using avx2x2 recovery algorithm
[    9.287553] xor: automatically using best checksumming function:
[    9.333770]    avx       : 21796.000 MB/sec
[    9.341814] async_tx: api initialized (async)
[    9.355115] md: raid6 personality registered for level 6
[    9.395679] md: raid5 personality registered for level 5
[    9.402851] md: raid4 personality registered for level 4
[    9.414703] md: raid10 personality registered for level 10
done.
Begin: Running /scripts/init-premount ... done.
Begin: Mounting root file system ... Begin: Running /scripts/local-top ... done.
Begin: Running /scripts/local-premount ... [    9.471760] Btrfs loaded
Scanning for Btrfs filesystems
done.
Warning: fsck not present, so skipping root file system
[    9.506868] EXT4-fs (sda1): mounted filesystem with ordered data mode. Opts: (null)
done.
Begin: Running /scripts/local-bottom ... done.
Begin: Running /scripts/init-bottom ... done.
[    9.637760] systemd[1]: systemd 229 running in system mode. (+PAM +AUDIT +SELINUX +IMA +APPARMOR +SMACK +SYSVINIT +UTMP +LIBCRYPTSETUP +GCRYPT +GNUTLS +ACL +XZ -LZ4 +SECCOMP +BLKID +ELFUTILS +KMOD -IDN)
[    9.641337] systemd[1]: Detected virtualization oracle.
[    9.648869] systemd[1]: Detected architecture x86-64.

Welcome to [1mUbuntu 16.04.5 LTS[0m!

[    9.653858] systemd[1]: Set hostname to <ubuntu-xenial>.
[    9.793244] systemd[1]: Listening on udev Kernel Socket.
[[0;32m  OK  [0m] Listening on udev Kernel Socket.
[    9.795813] systemd[1]: Set up automount Arbitrary Executable File Formats File System Automount Point.
[[0;32m  OK  [0m] Set up automount Arbitrary Executab...ats File System Automount Point.
[    9.810208] systemd[1]: Listening on udev Control Socket.
[[0;32m  OK  [0m] Listening on udev Control Socket.
[    9.812365] systemd[1]: Listening on Journal Audit Socket.
[[0;32m  OK  [0m] Listening on Journal Audit Socket.
[    9.814513] systemd[1]: Started Forward Password Requests to Wall Directory Watch.
[[0;32m  OK  [0m] Started Forward Password Requests to Wall Directory Watch.
[    9.830629] systemd[1]: Listening on /dev/initctl Compatibility Named Pipe.
[[0;32m  OK  [0m] Listening on /dev/initctl Compatibility Named Pipe.
[    9.856912] systemd[1]: Listening on Journal Socket.
[[0;32m  OK  [0m] Listening on Journal Socket.
[    9.858673] systemd[1]: Reached target Encrypted Volumes.
[[0;32m  OK  [0m] Reached target Encrypted Volumes.
[    9.860455] systemd[1]: Reached target Swap.
[[0;32m  OK  [0m] Reached target Swap.
[    9.862125] systemd[1]: Listening on LVM2 poll daemon socket.
[[0;32m  OK  [0m] Listening on LVM2 poll daemon socket.
[    9.864033] systemd[1]: Listening on Journal Socket (/dev/log).
[[0;32m  OK  [0m] Listening on Journal Socket (/dev/log).
[    9.866276] systemd[1]: Created slice System Slice.
[[0;32m  OK  [0m] Created slice System Slice.
[    9.893555] systemd[1]: Starting Create list of required static device nodes for the current kernel...
         Starting Create list of required st... nodes for the current kernel...
[    9.907517] systemd[1]: Starting Uncomplicated firewall...
         Starting Uncomplicated firewall...
[    9.985609] systemd[1]: Mounting POSIX Message Queue File System...
         Mounting POSIX Message Queue File System...
[    9.988297] systemd[1]: Created slice system-serial\x2dgetty.slice.
[[0;32m  OK  [0m] Created slice system-serial\x2dgetty.slice.
[   10.035835] systemd[1]: Mounting Huge Pages File System...
         Mounting Huge Pages File System...
[   10.085844] systemd[1]: Starting Set console keymap...
         Starting Set console keymap...
[   10.127185] systemd[1]: Starting Nameserver information manager...
         Starting Nameserver information manager...
[   10.187458] systemd[1]: Mounting Debug File System...
         Mounting Debug File System...
[   10.211661] systemd[1]: Listening on Syslog Socket.
[[0;32m  OK  [0m] Listening on Syslog Socket.
[   10.259645] systemd[1]: Starting Journal Service...
         Starting Journal Service...
[   10.273707] systemd[1]: Started Trigger resolvconf update for networkd DNS.
[[0;32m  OK  [0m] Started Trigger resolvconf update for networkd DNS.
[   10.283002] systemd[1]: Reached target User and Group Name Lookups.
[[0;32m  OK  [0m] Reached target User and Group Name Lookups.
[   10.298449] systemd[1]: Starting Remount Root and Kernel File Systems...
         Starting Remount Root and Kernel File Systems...
[   10.302672] systemd[1]: Reached target System Time Synchronized.
[   10.367646] EXT4-fs (sda1): re-mounted. Opts: (null)
[[0;32m  OK  [0m] Reached target System Time Synchronized.
[   10.379900] systemd[1]: Created slice User and Session Slice.
[[0;32m  OK  [0m] Created slice User and Session Slice.
[   10.382204] systemd[1]: Reached target Slices.
[[0;32m  OK  [0m] Reached target Slices.
[   10.384940] random: nonblocking pool is initialized
[   10.410203] systemd[1]: Starting Load Kernel Modules...
         Starting Load Ke[   10.450424] Loading iSCSI transport class v2.0-870.
rnel Modules...
[   10.467350] systemd[1]: Listening on LVM2 metadata daemon socket.
[[0;32m  OK  [0[   10.475244] iscsi: registered transport (tcp)
m] Listening on LVM2 metadata daemon socket.
[   10.517960] systemd[1]: Listening on Device-mapper event daemon FIFOs.
[[0;32m  OK  [0m] Listening on Device-mapper event daemon FIFOs.
[   10.529767] iscsi: registered transport (iser)
[   10.534752] systemd[1]: Starting Monitoring of LVM2 mirrors, snapshots etc. using dmeventd or progress polling...
         Starting Monitoring of LVM2 mirrors... dmeventd or progress polling...
[   10.548718] systemd[1]: Mounted Debug File System.
[[0;32m  OK  [0m] Mounted Debug File System.
[   10.552045] systemd[1]: Mounted POSIX Message Queue File System.
[[0;32m  OK  [0m] Mounted POSIX Message Queue File System.
[   10.562267] systemd[1]: Mounted Huge Pages File System.
[[0;32m  OK  [0m] Mounted Huge Pages File System.
[   10.578172] systemd[1]: Started Journal Service.
[[0;32m  OK  [0m] Started Journal Service.
[[0;32m  OK  [0m] Started Create list of required sta...ce nodes for the current kernel.
[[0;32m  OK  [0m] Started Uncomplicated firewall.
[[0;32m  OK  [0m] Started Set console keymap.
[[0;32m  OK  [0m] Started Remount Root and Kernel File Systems.
[[0;32m  OK  [0m] Started Load Kernel Modules.
[[0;32m  OK  [0m] Started Nameserver information manager.
[[0;32m  OK  [0m] Started LVM2 metadata daemon.
         Mounting FUSE Control File System...
         Starting Apply Kernel Variables...
         Starting udev Coldplug all Devices...
         Starting Load/Save Random Seed...
         Starting Create Static Device Nodes in /dev...
         Starting Flush Journal to Persistent Storage...
[[0;32m  OK  [0m] Mounted FUSE Control File System.
[[0;32m  OK  [0m] Started Apply Kernel Variables.
[[0;32m  OK  [0m] Started Load/Save Random Seed.
[[0;32m  OK  [0m] Started Create Static Device Nodes in /dev.
[[0;32m  OK  [0m] Started udev Coldplug all Devices.
[[0;32m  OK  [0m] Started Flush Journal to Persistent Storage.
         Starting udev Kernel Device Manager...
[[0;32m  OK  [0m] Started udev Kernel Device Manager.
[[0;32m  OK  [0m] Started Dispatch Password Requests to Console Directory Watch.
[[0;32m  OK  [0m] Found device /dev/ttyS0.
[[0;32m  OK  [0m] Started Monitoring of LVM2 mirrors,...ng dmeventd or progress polling.
[[0;32m  OK  [0m] Reached target Local File Systems (Pre).
[[0;32m  OK  [0m] Reached target Local File Systems.
         Starting Create Volatile Files and Directories...
         Starting Set console font and keymap...
         Starting LSB: AppArmor initialization...
         Starting Initial cloud-init job (pre-networking)...
         Starting Tell Plymouth To Write Out Runtime Data...
[[0;32m  OK  [0m] Started Create Volatile Files and Directories.
[[0;32m  OK  [0m] Started Tell Plymouth To Write Out Runtime Data.
[[0;32m  OK  [0m] Listening on Load/Save RF Kill Switch Status /dev/rfkill Watch.
         Starting Update UTMP about System Boot/Shutdown...
[[0;32m  OK  [0m] Started LSB: AppArmor initialization.
[[0;32m  OK  [0m] Started Update UTMP about System Boot/Shutdown.
[[0;32m  OK  [0m] Found device 82540EM Gigabit Ethern...r (PRO/1000 MT Desktop Adapter).
[[0;32m  OK  [0m] Started Set console font and keymap.
[[0;32m  OK  [0m] Created slice system-getty.slice.
[   10.531640] cloud-init[536]: Cloud-init v. 18.3-9-g2e62cb8a-0ubuntu1~16.04.2 running 'init-local' at Wed, 15 Aug 2018 13:21:57 +0000. Up 10.25 seconds.
[[0;32m  OK  [0m] Started Initial cloud-init job (pre-networking).
[[0;32m  OK  [0m] Reached target Network (Pre).
[[0;32m  OK  [0m] Started ifup for enp0s3.
         Starting Raise network interfaces...
[[0;32m  OK  [0m] Started Raise network interfaces.
[[0;32m  OK  [0m] Reached target Network.
         Starting Initial cloud-init job (metadata service crawler)...
[   11.305762] cloud-init[959]: Cloud-init v. 18.3-9-g2e62cb8a-0ubuntu1~16.04.2 running 'init' at Wed, 15 Aug 2018 13:21:58 +0000. Up 10.98 seconds.
[   11.308515] cloud-init[959]: ci-info: ++++++++++++++++++++++++++++++++++++++Net device info++++++++++++++++++++++++++++++++++++++
[   11.311216] cloud-init[959]: ci-info: +--------+------+----------------------------+---------------+--------+-------------------+
[   11.313756] cloud-init[959]: ci-info: | Device |  Up  |          Address           |      Mask     | Scope  |     Hw-Address    |
[   11.316106] cloud-init[959]: ci-info: +--------+------+----------------------------+---------------+--------+-------------------+
[   11.341771] cloud-init[959]: ci-info: | enp0s3 | True |         10.0.2.15          | 255.255.255.0 | global | 02:54:ad:ea:60:2e |
[   11.344311] cloud-init[959]: ci-info: | enp0s3 | True | fe80::54:adff:feea:602e/64 |       .       |  link  | 02:54:ad:ea:60:2e |
[[0;32m  OK  [0m] Started Initial cloud-init job (metadata service crawler).
[[0;32m  OK  [0m] Reached target System Initialization.
[   11.350002] [[0;32m  OK  [0m] Started ACPI Events Check.
[[0;32m  OK  [0m] Reached target Paths.
[[0;32m  OK  [0m] Listening on ACPID Listen Socket.
[[0;32m  OK  [0m] Listening on D-Bus System Message Bus Socket.
cloud-init[959]: ci-info: |   lo   | True |         127.0.0.1          |   255.0.0.0   |  host  |         .         |
[[0;32m  OK  [0m] Started Daily apt download activities.
[   11.361972] cloud-init[959]: ci-info: |   lo   | True |          ::1/128           |       .       |  host  |         .         |
[[0;32m  OK  [0m] Started Daily apt upgrade and clean activities.
[[0;32m  OK  [0m] Listening on UUID daemon activation socket.
[   11.364922] cloud-init[959]: ci-info: +--------+------+----------------------------+---------------+--------+-------------------+
[   11.380319] cloud-init[959]: ci-info: +++++++++++++++++++++++++++Route IPv4 info++++++++++++++++++++++++++++
[   11.380356] cloud-init[959]: ci-info: +-------+-------------+----------+---------------+-----------+-------+
[   11.380387] cloud-init[959]: ci-info: | Route | Destination | Gateway  |    Genmask    | Interface | Flags |
[   11.380416] cloud-init[959]: ci-info: +-------+-------------+----------+---------------+-----------+-------+
[   11.380445] cloud-init[959]: ci-info: |   0   |   0.0.0.0   | 10.0.2.2 |    0.0.0.0    |   enp0s3  |   UG  |
[   11.380476] cloud-init[959]: ci-info: |   1   |   10.0.2.0  | 0.0.0.0  | 255.255.255.0 |   enp0s3  |   U   |
[   11.380510] cloud-init[959]: ci-info: +-------+-------------+----------+---------------+-----------+-------+
[   11.380541] cloud-init[959]: ci-info: +++++++++++++++++++Route IPv6 info+++++++++++++++++++
[   11.380585] cloud-init[959]: ci-info: +-------+-------------+---------+-----------+-------+
[   11.380614] cloud-init[959]: ci-info: | Route | Destination | Gateway | Interface | Flags |
[   11.380641] cloud-init[959]: ci-info: +-------+-------------+---------+-----------+-------+
[   11.380671] cloud-init[959]: ci-info: |   0   |  fe80::/64  |    ::   |   enp0s3  |   U   |
[   11.380699] cloud-init[959]: ci-info: |   3   |   ff00::/8  |    ::   |   enp0s3  |   U   |
[   11.380727] cloud-init[959]: ci-info: +-------+-------------+---------+-----------+-------+
         Starting Docker Socket for the API.
         Starting Socket activation for snappy daemon.
[[0;32m  OK  [0m] Started Daily Cleanup of Temporary Directories.
[[0;32m  OK  [0m] Reached target Timers.
         Starting LXD - unix socket.
[[0;32m  OK  [0m] Reached target Network is Online.
         Starting iSCSI initiator daemon (iscsid)...
[[0;32m  OK  [0m] Reached target Cloud-config availability.
[[0;32m  OK  [0m] Listening on Docker Socket for the API.
[[0;32m  OK  [0m] Listening on Socket activation for snappy daemon.
[[0;32m  OK  [0m] Listening on LXD - unix socket.
[[0;32m  OK  [0m] Started iSCSI initiator daemon (iscsid).
         Starting Login to default iSCSI targets...
[[0;32m  OK  [0m] Reached target Sockets.
[[0;32m  OK  [0m] Reached target Basic System.
         Starting LXD - container startup/shutdown...
[[0;32m  OK  [0m] Started ACPI event daemon.
[[0;32m  OK  [0m] Started Deferred execution scheduler.
         Starting Accounts Service...
         Starting Virtualbox guest utils...
         Starting Login Service...
[[0;32m  OK  [0m] Started FUSE filesystem for LXC.
         Starting System Logging Service...
         Starting A high performance web server and a reverse proxy server...
         Starting LSB: MD monitoring daemon...
[[0;32m  OK  [0m] Started D-Bus System Message Bus.
         Starting /etc/rc.local Compatibility...
[[0;32m  OK  [0m] Started Unattended Upgrades Shutdown.
         Starting Snappy daemon...
         Starting OpenBSD Secure Shell server...
         Starting LSB: Record successful boot for GRUB...
[[0;32m  OK  [0m] Started Regular background program processing daemon.
         Starting Docker Application Container Engine...
[[0;32m  OK  [0m] Started System Logging Service.
[[0;32m  OK  [0m] Started OpenBSD Secure Shell server.
[[0;32m  OK  [0m] Started LXD - container startup/shutdown.
[[0;32m  OK  [0m] Started /etc/rc.local Compatibility.
[[0;32m  OK  [0m] Started A high performance web server and a reverse proxy server.
[[0;32m  OK  [0m] Started Login to default iSCSI targets.
[[0;32m  OK  [0m] Started LSB: MD monitoring daemon.
[[0;32m  OK  [0m] Started LSB: Record successful boot for GRUB.
[[0;32m  OK  [0m] Started Login Service.
         Starting Authenticate and Authorize Users to Run Privileged Tasks...
[[0;32m  OK  [0m] Reached target Remote File Systems (Pre).
[[0;32m  OK  [0m] Reached target Remote File Systems.
         Starting LSB: Set the CPU Frequency Scaling governor to "ondemand"...
         Starting Permit User Sessions...
         Starting LSB: automatic crash report generation...
         Starting LSB: daemon to balance interrupts for SMP systems...
         Starting LSB: Start Jenkins at boot time...
[[0;32m  OK  [0m] Started Snappy daemon.
[[0;32m  OK  [0m] Started Virtualbox guest utils.
[[0;32m  OK  [0m] Started Permit User Sessions.
[[0;32m  OK  [0m] Started Authenticate and Authorize Users to Run Privileged Tasks.
[[0;32m  OK  [0m] Started Accounts Service.
[[0;32m  OK  [0m] Started LSB: Set the CPU Frequency Scaling governor to "ondemand".
         Starting Terminate Plymouth Boot Screen...
         Starting Hold until boot process finishes up...
         Starting Wait until snapd is fully seeded...
[[0;32m  OK  [0m] Started LSB: automatic crash report generation.
[[0;32m  OK  [0m] Started LSB: daemon to balance interrupts for SMP systems.
[[0;32m  OK  [0m] Started Terminate Plymouth Boot Screen.
[[0;32m  OK  [0m] Started Hold until boot process finishes up.
[[0;32m  OK  [0m] Started Wait until snapd is fully seeded.
         Starting Apply the settings specified in cloud-config...
[[0;32m  OK  [0m] Started Serial Getty on ttyS0.
         Starting Set console scheme...
[[0;32m  OK  [0m] Started Getty on tty1.
[[0;32m  OK  [0m] Reached target Login Prompts.
[[0;32m  OK  [0m] Started Set console scheme.
[[0;32m  OK  [0m] Created slice User Slice of jenkins.
         Starting User Manager for UID 112...
[[0;32m  OK  [0m] Started Session c1 of user jenkins.
[[0;32m  OK  [0m] Started User Manager for UID 112.
[   13.144921] cloud-init[1207]: Cloud-init v. 18.3-9-g2e62cb8a-0ubuntu1~16.04.2 running 'modules:config' at Wed, 15 Aug 2018 13:22:00 +0000. Up 12.87 seconds.
[[0;32m  OK  [0m] Started Apply the settings specified in cloud-config.
[[0;32m  OK  [0m] Started Docker Application Container Engine.
[[0;32m  OK  [0m] Started LSB: Start Jenkins at boot time.
[[0;32m  OK  [0m] Reached target Multi-User System.
         Starting Execute cloud user/final scripts...
[[0;32m  OK  [0m] Reached target Graphical Interface.
         Starting Update UTMP about System Runlevel Changes...
[[0;32m  OK  [0m] Started Update UTMP about System Runlevel Changes.
[   14.442771] cloud-init[1460]: Cloud-init v. 18.3-9-g2e62cb8a-0ubuntu1~16.04.2 running 'modules:final' at Wed, 15 Aug 2018 13:22:01 +0000. Up 14.27 seconds.
[   14.469948] cloud-init[1460]: Cloud-init v. 18.3-9-g2e62cb8a-0ubuntu1~16.04.2 finished at Wed, 15 Aug 2018 13:22:01 +0000. Datasource DataSourceNoCloud [seed=/dev/sdb][dsmode=net].  Up 14.43 seconds
[[0;32m  OK  [0m] Started Execute cloud user/final scripts.
[[0;32m  OK  [0m] Reached target Cloud-init target.

Ubuntu 16.04.5 LTS ubuntu-xenial ttyS0

ubuntu-xenial login: 